# JRE version: OpenJDK Runtime Environment (17.0.8.1+1) (build 17.0.8.1+1-LTS)
# Java VM: OpenJDK 64-Bit Server VM (17.0.8.1+1-LTS, mixed mode, sharing, tiered, compressed oops, compressed class ptrs, g1 gc, windows-amd64)
GC Precious Log:
 CPUs: 20 total, 20 available
 Memory: 16005M
 Large Page Support: Disabled
 NUMA Support: Disabled
 Compressed Oops: Enabled (Zero based)
 Heap Region Size: 2M
 Heap Min Capacity: 8M
 Heap Initial Capacity: 252M
 Heap Max Capacity: 4002M
 Pre-touch: Disabled
 Parallel Workers: 15
 Concurrent Workers: 4
 Concurrent Refinement Workers: 15
 Periodic GC: Disabled
Heap:
 garbage-first heap   total 397312K, used 103947K [0x0000000705e00000, 0x0000000800000000)
  region size 2048K, 4 young (8192K), 4 survivors (8192K)
 Metaspace       used 71959K, committed 73344K, reserved 1114112K
  class space    used 9977K, committed 10688K, reserved 1048576K
GC Heap History (20 events):
Event: 6131.661 GC heap after
{Heap after GC invocations=192 (full 7):
 garbage-first heap   total 198656K, used 69375K [0x0000000705e00000, 0x0000000800000000)
  region size 2048K, 1 young (2048K), 1 survivors (2048K)
 Metaspace       used 67739K, committed 68864K, reserved 1114112K
  class space    used 9518K, committed 10048K, reserved 1048576K
}
Event: 6136.603 GC heap before
{Heap before GC invocations=192 (full 7):
 garbage-first heap   total 198656K, used 159487K [0x0000000705e00000, 0x0000000800000000)
  region size 2048K, 46 young (94208K), 1 survivors (2048K)
 Metaspace       used 68189K, committed 69312K, reserved 1114112K
  class space    used 9568K, committed 10112K, reserved 1048576K
}
Event: 6136.607 GC heap after
{Heap after GC invocations=193 (full 7):
 garbage-first heap   total 397312K, used 73922K [0x0000000705e00000, 0x0000000800000000)
  region size 2048K, 3 young (6144K), 3 survivors (6144K)
 Metaspace       used 68189K, committed 69312K, reserved 1114112K
  class space    used 9568K, committed 10112K, reserved 1048576K
}
Event: 6145.196 GC heap before
{Heap before GC invocations=194 (full 7):
 garbage-first heap   total 274432K, used 229570K [0x0000000705e00000, 0x0000000800000000)
  region size 2048K, 80 young (163840K), 3 survivors (6144K)
 Metaspace       used 69080K, committed 70272K, reserved 1114112K
  class space    used 9668K, committed 10240K, reserved 1048576K
}
Event: 6145.200 GC heap after
{Heap after GC invocations=195 (full 7):
 garbage-first heap   total 274432K, used 80300K [0x0000000705e00000, 0x0000000800000000)
  region size 2048K, 6 young (12288K), 6 survivors (12288K)
 Metaspace       used 69080K, committed 70272K, reserved 1114112K
  class space    used 9668K, committed 10240K, reserved 1048576K
}
Event: 6145.207 GC heap before
{Heap before GC invocations=195 (full 7):
 garbage-first heap   total 274432K, used 82348K [0x0000000705e00000, 0x0000000800000000)
  region size 2048K, 7 young (14336K), 6 survivors (12288K)
 Metaspace       used 69080K, committed 70272K, reserved 1114112K
  class space    used 9668K, committed 10240K, reserved 1048576K
}
Event: 6145.211 GC heap after
{Heap after GC invocations=196 (full 7):
 garbage-first heap   total 274432K, used 81338K [0x0000000705e00000, 0x0000000800000000)
  region size 2048K, 1 young (2048K), 1 survivors (2048K)
 Metaspace       used 69080K, committed 70272K, reserved 1114112K
  class space    used 9668K, committed 10240K, reserved 1048576K
}
Event: 6172.885 GC heap before
{Heap before GC invocations=196 (full 7):
 garbage-first heap   total 274432K, used 224698K [0x0000000705e00000, 0x0000000800000000)
  region size 2048K, 71 young (145408K), 1 survivors (2048K)
 Metaspace       used 69872K, committed 71168K, reserved 1114112K
  class space    used 9759K, committed 10368K, reserved 1048576K
}
Event: 6172.888 GC heap after
{Heap after GC invocations=197 (full 7):
 garbage-first heap   total 274432K, used 85005K [0x0000000705e00000, 0x0000000800000000)
  region size 2048K, 3 young (6144K), 3 survivors (6144K)
 Metaspace       used 69872K, committed 71168K, reserved 1114112K
  class space    used 9759K, committed 10368K, reserved 1048576K
}
Event: 6213.317 GC heap before
{Heap before GC invocations=198 (full 7):
 garbage-first heap   total 274432K, used 224269K [0x0000000705e00000, 0x0000000800000000)
  region size 2048K, 71 young (145408K), 3 survivors (6144K)
 Metaspace       used 70285K, committed 71552K, reserved 1114112K
  class space    used 9801K, committed 10432K, reserved 1048576K
}
Event: 6213.321 GC heap after
{Heap after GC invocations=199 (full 7):
 garbage-first heap   total 274432K, used 87879K [0x0000000705e00000, 0x0000000800000000)
  region size 2048K, 5 young (10240K), 5 survivors (10240K)
 Metaspace       used 70285K, committed 71552K, reserved 1114112K
  class space    used 9801K, committed 10432K, reserved 1048576K
}
Event: 6214.491 GC heap before
{Heap before GC invocations=199 (full 7):
 garbage-first heap   total 274432K, used 89927K [0x0000000705e00000, 0x0000000800000000)
  region size 2048K, 6 young (12288K), 5 survivors (10240K)
 Metaspace       used 70285K, committed 71552K, reserved 1114112K
  class space    used 9801K, committed 10432K, reserved 1048576K
}
Event: 6214.495 GC heap after
{Heap after GC invocations=200 (full 7):
 garbage-first heap   total 274432K, used 88500K [0x0000000705e00000, 0x0000000800000000)
  region size 2048K, 1 young (2048K), 1 survivors (2048K)
 Metaspace       used 70285K, committed 71552K, reserved 1114112K
  class space    used 9801K, committed 10432K, reserved 1048576K
}
Event: 6243.816 GC heap before
{Heap before GC invocations=200 (full 7):
 garbage-first heap   total 274432K, used 225716K [0x0000000705e00000, 0x0000000800000000)
  region size 2048K, 69 young (141312K), 1 survivors (2048K)
 Metaspace       used 70780K, committed 72064K, reserved 1114112K
  class space    used 9859K, committed 10496K, reserved 1048576K
}
Event: 6243.819 GC heap after
{Heap after GC invocations=201 (full 7):
 garbage-first heap   total 274432K, used 93479K [0x0000000705e00000, 0x0000000800000000)
  region size 2048K, 4 young (8192K), 4 survivors (8192K)
 Metaspace       used 70780K, committed 72064K, reserved 1114112K
  class space    used 9859K, committed 10496K, reserved 1048576K
}
Event: 6245.906 GC heap before
{Heap before GC invocations=202 (full 7):
 garbage-first heap   total 274432K, used 224551K [0x0000000705e00000, 0x0000000800000000)
  region size 2048K, 68 young (139264K), 4 survivors (8192K)
 Metaspace       used 71450K, committed 72832K, reserved 1114112K
  class space    used 9920K, committed 10624K, reserved 1048576K
}
Event: 6245.911 GC heap after
{Heap after GC invocations=203 (full 7):
 garbage-first heap   total 274432K, used 99307K [0x0000000705e00000, 0x0000000800000000)
  region size 2048K, 6 young (12288K), 6 survivors (12288K)
 Metaspace       used 71450K, committed 72832K, reserved 1114112K
  class space    used 9920K, committed 10624K, reserved 1048576K
}
Event: 6245.914 GC heap before
{Heap before GC invocations=203 (full 7):
 garbage-first heap   total 274432K, used 101355K [0x0000000705e00000, 0x0000000800000000)
  region size 2048K, 7 young (14336K), 6 survivors (12288K)
 Metaspace       used 71450K, committed 72832K, reserved 1114112K
  class space    used 9920K, committed 10624K, reserved 1048576K
}
Event: 6245.920 GC heap after
{Heap after GC invocations=204 (full 7):
 garbage-first heap   total 274432K, used 99372K [0x0000000705e00000, 0x0000000800000000)
  region size 2048K, 1 young (2048K), 1 survivors (2048K)
 Metaspace       used 71450K, committed 72832K, reserved 1114112K
  class space    used 9920K, committed 10624K, reserved 1048576K
}
Event: 6265.425 GC heap before
{Heap before GC invocations=204 (full 7):
 garbage-first heap   total 274432K, used 224300K [0x0000000705e00000, 0x0000000800000000)
  region size 2048K, 63 young (129024K), 1 survivors (2048K)
 Metaspace       used 71959K, committed 73344K, reserved 1114112K
  class space    used 9977K, committed 10688K, reserved 1048576K
}

